
*** Running vivado
    with args -log image_top.vds -m64 -product Vivado -mode batch -messageDb vivado.pb -notrace -source image_top.tcl


****** Vivado v2018.2 (64-bit)
  **** SW Build 2258646 on Thu Jun 14 20:02:38 MDT 2018
  **** IP Build 2256618 on Thu Jun 14 22:10:49 MDT 2018
    ** Copyright 1986-2018 Xilinx, Inc. All Rights Reserved.

source image_top.tcl -notrace
Command: synth_design -top image_top -part xc7z010clg400-1
Starting synth_design
Attempting to get a license for feature 'Synthesis' and/or device 'xc7z010'
INFO: [Common 17-349] Got license for feature 'Synthesis' and/or device 'xc7z010'
INFO: Launching helper process for spawning children vivado processes
INFO: Helper process launched with PID 5938 
---------------------------------------------------------------------------------
Starting RTL Elaboration : Time (s): cpu = 00:00:01 ; elapsed = 00:00:02 . Memory (MB): peak = 1281.902 ; gain = 80.891 ; free physical = 10718 ; free virtual = 27971
---------------------------------------------------------------------------------
INFO: [Synth 8-638] synthesizing module 'image_top' [/home/user/Lab-4/Lab-4.srcs/sources_1/new/image_top.vhd:42]
INFO: [Synth 8-3491] module 'clock_div' declared at '/home/user/Lab-4/Lab-4.srcs/sources_1/new/clock_div.vhd:14' bound to instance 'clk_div' of component 'clock_div' [/home/user/Lab-4/Lab-4.srcs/sources_1/new/image_top.vhd:85]
INFO: [Synth 8-638] synthesizing module 'clock_div' [/home/user/Lab-4/Lab-4.srcs/sources_1/new/clock_div.vhd:19]
INFO: [Synth 8-256] done synthesizing module 'clock_div' (1#1) [/home/user/Lab-4/Lab-4.srcs/sources_1/new/clock_div.vhd:19]
INFO: [Synth 8-3491] module 'pixel_pusher' declared at '/home/user/Lab-4/Lab-4.srcs/sources_1/new/pixel_pusher.vhd:34' bound to instance 'pixel_push' of component 'pixel_pusher' [/home/user/Lab-4/Lab-4.srcs/sources_1/new/image_top.vhd:90]
INFO: [Synth 8-638] synthesizing module 'pixel_pusher' [/home/user/Lab-4/Lab-4.srcs/sources_1/new/pixel_pusher.vhd:46]
INFO: [Synth 8-256] done synthesizing module 'pixel_pusher' (2#1) [/home/user/Lab-4/Lab-4.srcs/sources_1/new/pixel_pusher.vhd:46]
INFO: [Synth 8-3491] module 'picture' declared at '/home/user/Lab-4/Lab-4.runs/synth_1/.Xil/Vivado-5930-ece07/realtime/picture_stub.vhdl:5' bound to instance 'pic' of component 'picture' [/home/user/Lab-4/Lab-4.srcs/sources_1/new/image_top.vhd:103]
INFO: [Synth 8-638] synthesizing module 'picture' [/home/user/Lab-4/Lab-4.runs/synth_1/.Xil/Vivado-5930-ece07/realtime/picture_stub.vhdl:14]
WARNING: [Synth 8-5640] Port 'vcount' is missing in component declaration [/home/user/Lab-4/Lab-4.srcs/sources_1/new/image_top.vhd:68]
INFO: [Synth 8-3491] module 'vga_ctrl' declared at '/home/user/Lab-4/Lab-4.srcs/sources_1/new/vga_ctrl.vhd:34' bound to instance 'vga_control' of component 'vga_ctrl' [/home/user/Lab-4/Lab-4.srcs/sources_1/new/image_top.vhd:109]
INFO: [Synth 8-638] synthesizing module 'vga_ctrl' [/home/user/Lab-4/Lab-4.srcs/sources_1/new/vga_ctrl.vhd:42]
INFO: [Synth 8-256] done synthesizing module 'vga_ctrl' (3#1) [/home/user/Lab-4/Lab-4.srcs/sources_1/new/vga_ctrl.vhd:42]
INFO: [Synth 8-256] done synthesizing module 'image_top' (4#1) [/home/user/Lab-4/Lab-4.srcs/sources_1/new/image_top.vhd:42]
---------------------------------------------------------------------------------
Finished RTL Elaboration : Time (s): cpu = 00:00:02 ; elapsed = 00:00:03 . Memory (MB): peak = 1326.527 ; gain = 125.516 ; free physical = 10731 ; free virtual = 27984
---------------------------------------------------------------------------------

Report Check Netlist: 
+------+------------------+-------+---------+-------+------------------+
|      |Item              |Errors |Warnings |Status |Description       |
+------+------------------+-------+---------+-------+------------------+
|1     |multi_driven_nets |      0|        0|Passed |Multi driven nets |
+------+------------------+-------+---------+-------+------------------+
---------------------------------------------------------------------------------
Start Handling Custom Attributes
---------------------------------------------------------------------------------
---------------------------------------------------------------------------------
Finished Handling Custom Attributes : Time (s): cpu = 00:00:02 ; elapsed = 00:00:03 . Memory (MB): peak = 1326.527 ; gain = 125.516 ; free physical = 10730 ; free virtual = 27984
---------------------------------------------------------------------------------
---------------------------------------------------------------------------------
Finished RTL Optimization Phase 1 : Time (s): cpu = 00:00:02 ; elapsed = 00:00:03 . Memory (MB): peak = 1326.527 ; gain = 125.516 ; free physical = 10730 ; free virtual = 27984
---------------------------------------------------------------------------------
INFO: [Device 21-403] Loading part xc7z010clg400-1
INFO: [Project 1-570] Preparing netlist for logic optimization

Processing XDC Constraints
Initializing timing engine
Parsing XDC File [/home/user/Lab-4/Lab-4.srcs/sources_1/ip/picture/picture/picture_in_context.xdc] for cell 'pic'
Finished Parsing XDC File [/home/user/Lab-4/Lab-4.srcs/sources_1/ip/picture/picture/picture_in_context.xdc] for cell 'pic'
Parsing XDC File [/home/user/Lab-4/Lab-4.srcs/constrs_1/new/zybo_constraint.xdc]
Finished Parsing XDC File [/home/user/Lab-4/Lab-4.srcs/constrs_1/new/zybo_constraint.xdc]
INFO: [Project 1-236] Implementation specific constraints were found while reading constraint file [/home/user/Lab-4/Lab-4.srcs/constrs_1/new/zybo_constraint.xdc]. These constraints will be ignored for synthesis but will be used in implementation. Impacted constraints are listed in the file [.Xil/image_top_propImpl.xdc].
Resolution: To avoid this warning, move constraints listed in [.Xil/image_top_propImpl.xdc] to another XDC file and exclude this new file from synthesis with the used_in_synthesis property (File Properties dialog in GUI) and re-run elaboration/synthesis.
Completed Processing XDC Constraints

INFO: [Project 1-111] Unisim Transformation Summary:
No Unisim elements were transformed.

Constraint Validation Runtime : Time (s): cpu = 00:00:00 ; elapsed = 00:00:00 . Memory (MB): peak = 1677.129 ; gain = 0.000 ; free physical = 10481 ; free virtual = 27734
---------------------------------------------------------------------------------
Finished Constraint Validation : Time (s): cpu = 00:00:09 ; elapsed = 00:00:27 . Memory (MB): peak = 1677.129 ; gain = 476.117 ; free physical = 10557 ; free virtual = 27811
---------------------------------------------------------------------------------
---------------------------------------------------------------------------------
Start Loading Part and Timing Information
---------------------------------------------------------------------------------
Loading part: xc7z010clg400-1
---------------------------------------------------------------------------------
Finished Loading Part and Timing Information : Time (s): cpu = 00:00:09 ; elapsed = 00:00:27 . Memory (MB): peak = 1677.129 ; gain = 476.117 ; free physical = 10557 ; free virtual = 27811
---------------------------------------------------------------------------------
---------------------------------------------------------------------------------
Start Applying 'set_property' XDC Constraints
---------------------------------------------------------------------------------
Applied set_property DONT_TOUCH = true for pic. (constraint file  auto generated constraint, line ).
---------------------------------------------------------------------------------
Finished applying 'set_property' XDC Constraints : Time (s): cpu = 00:00:09 ; elapsed = 00:00:27 . Memory (MB): peak = 1677.129 ; gain = 476.117 ; free physical = 10559 ; free virtual = 27813
---------------------------------------------------------------------------------
INFO: [Synth 8-5545] ROM "clock_out" won't be mapped to RAM because address size (26) is larger than maximum supported(25)
---------------------------------------------------------------------------------
Finished RTL Optimization Phase 2 : Time (s): cpu = 00:00:09 ; elapsed = 00:00:27 . Memory (MB): peak = 1677.129 ; gain = 476.117 ; free physical = 10551 ; free virtual = 27804
---------------------------------------------------------------------------------

Report RTL Partitions: 
+-+--------------+------------+----------+
| |RTL Partition |Replication |Instances |
+-+--------------+------------+----------+
+-+--------------+------------+----------+
---------------------------------------------------------------------------------
Start RTL Component Statistics 
---------------------------------------------------------------------------------
Detailed RTL Component Info : 
+---Adders : 
	   2 Input     26 Bit       Adders := 1     
	   2 Input     10 Bit       Adders := 2     
+---Registers : 
	               26 Bit    Registers := 1     
	               10 Bit    Registers := 2     
	                6 Bit    Registers := 1     
	                5 Bit    Registers := 2     
	                1 Bit    Registers := 4     
+---Muxes : 
	   2 Input     26 Bit        Muxes := 1     
	   2 Input      6 Bit        Muxes := 1     
	   2 Input      5 Bit        Muxes := 2     
	   2 Input      1 Bit        Muxes := 1     
---------------------------------------------------------------------------------
Finished RTL Component Statistics 
---------------------------------------------------------------------------------
---------------------------------------------------------------------------------
Start RTL Hierarchical Component Statistics 
---------------------------------------------------------------------------------
Hierarchical RTL Component report 
Module clock_div 
Detailed RTL Component Info : 
+---Adders : 
	   2 Input     26 Bit       Adders := 1     
+---Registers : 
	               26 Bit    Registers := 1     
	                1 Bit    Registers := 1     
+---Muxes : 
	   2 Input     26 Bit        Muxes := 1     
	   2 Input      1 Bit        Muxes := 1     
Module pixel_pusher 
Detailed RTL Component Info : 
+---Registers : 
	                6 Bit    Registers := 1     
	                5 Bit    Registers := 2     
+---Muxes : 
	   2 Input      6 Bit        Muxes := 1     
	   2 Input      5 Bit        Muxes := 2     
Module vga_ctrl 
Detailed RTL Component Info : 
+---Adders : 
	   2 Input     10 Bit       Adders := 2     
+---Registers : 
	               10 Bit    Registers := 2     
	                1 Bit    Registers := 3     
---------------------------------------------------------------------------------
Finished RTL Hierarchical Component Statistics
---------------------------------------------------------------------------------
---------------------------------------------------------------------------------
Start Part Resource Summary
---------------------------------------------------------------------------------
Part Resources:
DSPs: 80 (col length:40)
BRAMs: 120 (col length: RAMB18 40 RAMB36 20)
---------------------------------------------------------------------------------
Finished Part Resource Summary
---------------------------------------------------------------------------------
---------------------------------------------------------------------------------
Start Cross Boundary and Area Optimization
---------------------------------------------------------------------------------
Warning: Parallel synthesis criteria is not met 
INFO: [Synth 8-5545] ROM "clk_div/clock_out" won't be mapped to RAM because address size (26) is larger than maximum supported(25)
INFO: [Synth 8-3886] merging instance 'pixel_push/G_reg[0]' (FD) to 'pixel_push/G_reg[2]'
INFO: [Synth 8-3886] merging instance 'pixel_push/G_reg[1]' (FD) to 'pixel_push/G_reg[2]'
INFO: [Synth 8-3886] merging instance 'pixel_push/G_reg[2]' (FD) to 'pixel_push/R_reg[1]'
INFO: [Synth 8-3886] merging instance 'pixel_push/B_reg[0]' (FD) to 'pixel_push/R_reg[1]'
INFO: [Synth 8-3886] merging instance 'pixel_push/B_reg[1]' (FD) to 'pixel_push/R_reg[1]'
INFO: [Synth 8-3886] merging instance 'pixel_push/B_reg[2]' (FD) to 'pixel_push/R_reg[1]'
INFO: [Synth 8-3886] merging instance 'pixel_push/R_reg[0]' (FD) to 'pixel_push/R_reg[1]'
INFO: [Synth 8-3333] propagating constant 0 across sequential element (\pixel_push/R_reg[1] )
WARNING: [Synth 8-3332] Sequential element (pixel_push/R_reg[1]) is unused and will be removed from module image_top.
---------------------------------------------------------------------------------
Finished Cross Boundary and Area Optimization : Time (s): cpu = 00:00:09 ; elapsed = 00:00:27 . Memory (MB): peak = 1677.129 ; gain = 476.117 ; free physical = 10540 ; free virtual = 27793
---------------------------------------------------------------------------------

Report RTL Partitions: 
+-+--------------+------------+----------+
| |RTL Partition |Replication |Instances |
+-+--------------+------------+----------+
+-+--------------+------------+----------+
---------------------------------------------------------------------------------
Start Applying XDC Timing Constraints
---------------------------------------------------------------------------------
---------------------------------------------------------------------------------
Finished Applying XDC Timing Constraints : Time (s): cpu = 00:00:14 ; elapsed = 00:00:35 . Memory (MB): peak = 1677.129 ; gain = 476.117 ; free physical = 10413 ; free virtual = 27666
---------------------------------------------------------------------------------
---------------------------------------------------------------------------------
Start Timing Optimization
---------------------------------------------------------------------------------
---------------------------------------------------------------------------------
Finished Timing Optimization : Time (s): cpu = 00:00:14 ; elapsed = 00:00:35 . Memory (MB): peak = 1677.129 ; gain = 476.117 ; free physical = 10412 ; free virtual = 27665
---------------------------------------------------------------------------------

Report RTL Partitions: 
+-+--------------+------------+----------+
| |RTL Partition |Replication |Instances |
+-+--------------+------------+----------+
+-+--------------+------------+----------+
---------------------------------------------------------------------------------
Start Technology Mapping
---------------------------------------------------------------------------------
---------------------------------------------------------------------------------
Finished Technology Mapping : Time (s): cpu = 00:00:14 ; elapsed = 00:00:35 . Memory (MB): peak = 1677.129 ; gain = 476.117 ; free physical = 10411 ; free virtual = 27665
---------------------------------------------------------------------------------

Report RTL Partitions: 
+-+--------------+------------+----------+
| |RTL Partition |Replication |Instances |
+-+--------------+------------+----------+
+-+--------------+------------+----------+
---------------------------------------------------------------------------------
Start IO Insertion
---------------------------------------------------------------------------------
---------------------------------------------------------------------------------
Start Flattening Before IO Insertion
---------------------------------------------------------------------------------
---------------------------------------------------------------------------------
Finished Flattening Before IO Insertion
---------------------------------------------------------------------------------
---------------------------------------------------------------------------------
Start Final Netlist Cleanup
---------------------------------------------------------------------------------
---------------------------------------------------------------------------------
Finished Final Netlist Cleanup
---------------------------------------------------------------------------------
---------------------------------------------------------------------------------
Finished IO Insertion : Time (s): cpu = 00:00:14 ; elapsed = 00:00:36 . Memory (MB): peak = 1677.129 ; gain = 476.117 ; free physical = 10412 ; free virtual = 27665
---------------------------------------------------------------------------------

Report Check Netlist: 
+------+------------------+-------+---------+-------+------------------+
|      |Item              |Errors |Warnings |Status |Description       |
+------+------------------+-------+---------+-------+------------------+
|1     |multi_driven_nets |      0|        0|Passed |Multi driven nets |
+------+------------------+-------+---------+-------+------------------+
---------------------------------------------------------------------------------
Start Renaming Generated Instances
---------------------------------------------------------------------------------
---------------------------------------------------------------------------------
Finished Renaming Generated Instances : Time (s): cpu = 00:00:14 ; elapsed = 00:00:36 . Memory (MB): peak = 1677.129 ; gain = 476.117 ; free physical = 10412 ; free virtual = 27665
---------------------------------------------------------------------------------

Report RTL Partitions: 
+-+--------------+------------+----------+
| |RTL Partition |Replication |Instances |
+-+--------------+------------+----------+
+-+--------------+------------+----------+
---------------------------------------------------------------------------------
Start Rebuilding User Hierarchy
---------------------------------------------------------------------------------
---------------------------------------------------------------------------------
Finished Rebuilding User Hierarchy : Time (s): cpu = 00:00:14 ; elapsed = 00:00:36 . Memory (MB): peak = 1677.129 ; gain = 476.117 ; free physical = 10412 ; free virtual = 27665
---------------------------------------------------------------------------------
---------------------------------------------------------------------------------
Start Renaming Generated Ports
---------------------------------------------------------------------------------
---------------------------------------------------------------------------------
Finished Renaming Generated Ports : Time (s): cpu = 00:00:14 ; elapsed = 00:00:36 . Memory (MB): peak = 1677.129 ; gain = 476.117 ; free physical = 10412 ; free virtual = 27665
---------------------------------------------------------------------------------
---------------------------------------------------------------------------------
Start Handling Custom Attributes
---------------------------------------------------------------------------------
---------------------------------------------------------------------------------
Finished Handling Custom Attributes : Time (s): cpu = 00:00:14 ; elapsed = 00:00:36 . Memory (MB): peak = 1677.129 ; gain = 476.117 ; free physical = 10412 ; free virtual = 27665
---------------------------------------------------------------------------------
---------------------------------------------------------------------------------
Start Renaming Generated Nets
---------------------------------------------------------------------------------
---------------------------------------------------------------------------------
Finished Renaming Generated Nets : Time (s): cpu = 00:00:14 ; elapsed = 00:00:36 . Memory (MB): peak = 1677.129 ; gain = 476.117 ; free physical = 10412 ; free virtual = 27665
---------------------------------------------------------------------------------
---------------------------------------------------------------------------------
Start Writing Synthesis Report
---------------------------------------------------------------------------------

Report BlackBoxes: 
+------+--------------+----------+
|      |BlackBox name |Instances |
+------+--------------+----------+
|1     |picture       |         1|
+------+--------------+----------+

Report Cell Usage: 
+------+---------------+------+
|      |Cell           |Count |
+------+---------------+------+
|1     |picture_bbox_0 |     1|
|2     |BUFG           |     1|
|3     |CARRY4         |    12|
|4     |LUT1           |     5|
|5     |LUT2           |     4|
|6     |LUT3           |     4|
|7     |LUT4           |    12|
|8     |LUT5           |    12|
|9     |LUT6           |    11|
|10    |FDRE           |    76|
|11    |IBUF           |     1|
|12    |OBUF           |    18|
+------+---------------+------+

Report Instance Areas: 
+------+--------------+-------------+------+
|      |Instance      |Module       |Cells |
+------+--------------+-------------+------+
|1     |top           |             |   164|
|2     |  clk_div     |clock_div    |    45|
|3     |  pixel_push  |pixel_pusher |    32|
|4     |  vga_control |vga_ctrl     |    59|
+------+--------------+-------------+------+
---------------------------------------------------------------------------------
Finished Writing Synthesis Report : Time (s): cpu = 00:00:14 ; elapsed = 00:00:36 . Memory (MB): peak = 1677.129 ; gain = 476.117 ; free physical = 10412 ; free virtual = 27665
---------------------------------------------------------------------------------
Synthesis finished with 0 errors, 0 critical warnings and 1 warnings.
Synthesis Optimization Runtime : Time (s): cpu = 00:00:09 ; elapsed = 00:00:13 . Memory (MB): peak = 1677.129 ; gain = 125.516 ; free physical = 10468 ; free virtual = 27721
Synthesis Optimization Complete : Time (s): cpu = 00:00:14 ; elapsed = 00:00:36 . Memory (MB): peak = 1677.129 ; gain = 476.117 ; free physical = 10468 ; free virtual = 27721
INFO: [Project 1-571] Translating synthesized netlist
INFO: [Netlist 29-17] Analyzing 13 Unisim elements for replacement
INFO: [Netlist 29-28] Unisim Transformation completed in 0 CPU seconds
INFO: [Project 1-570] Preparing netlist for logic optimization
INFO: [Opt 31-138] Pushed 0 inverter(s) to 0 load pin(s).
INFO: [Project 1-111] Unisim Transformation Summary:
No Unisim elements were transformed.

INFO: [Common 17-83] Releasing license: Synthesis
35 Infos, 2 Warnings, 0 Critical Warnings and 0 Errors encountered.
synth_design completed successfully
synth_design: Time (s): cpu = 00:00:16 ; elapsed = 00:00:36 . Memory (MB): peak = 1677.129 ; gain = 487.680 ; free physical = 10461 ; free virtual = 27714
WARNING: [Constraints 18-5210] No constraint will be written out.
INFO: [Common 17-1381] The checkpoint '/home/user/Lab-4/Lab-4.runs/synth_1/image_top.dcp' has been generated.
INFO: [runtcl-4] Executing : report_utilization -file image_top_utilization_synth.rpt -pb image_top_utilization_synth.pb
report_utilization: Time (s): cpu = 00:00:00.05 ; elapsed = 00:00:00.06 . Memory (MB): peak = 1701.141 ; gain = 0.000 ; free physical = 10463 ; free virtual = 27716
INFO: [Common 17-206] Exiting Vivado at Thu Apr 11 12:28:01 2019...
